<?xml version="1.0" encoding="UTF-8"?>
<!-- Generated by org.testng.reporters.JUnitXMLReporter -->
<testsuite ignored="1" hostname="MSI" failures="0" tests="3" name="Test" time="5.439" errors="0" timestamp="2023-05-22T15:26:02 CDT">
  <testcase classname="tests.logintest" name="login" time="0.568"/>
  <testcase classname="tests.logintest" name="newAccount" time="0.957"/>
  <testcase classname="tests.addCustomerTest" name="addCustomer" time="0.946"/>
  <testcase classname="base.base" name="@BeforeTest setup" time="0.0">
    <ignored/>
  </testcase> <!-- @BeforeTest setup -->
</testsuite> <!-- Test -->
