<?xml version="1.0" encoding="UTF-8"?>
<!-- Generated by org.testng.reporters.JUnitXMLReporter -->
<testsuite ignored="1" hostname="MSI" failures="0" tests="3" name="Test" time="13.572" errors="0" timestamp="2023-05-21T16:34:01 CDT">
  <testcase classname="tests.logintest" name="login" time="1.423"/>
  <testcase classname="tests.logintest" name="newAccount" time="0.473"/>
  <testcase classname="tests.addCustomerTest" name="addCustomer" time="3.94"/>
  <testcase classname="base.base" name="@BeforeTest setup" time="0.0">
    <ignored/>
  </testcase> <!-- @BeforeTest setup -->
</testsuite> <!-- Test -->
