<?xml version="1.0" encoding="UTF-8"?>
<testng-results ignored="0" total="1" passed="1" failed="0" skipped="0">
  <reporter-output>
  </reporter-output>
  <suite started-at="2023-05-19T20:02:10 CDT" name="Default suite" finished-at="2023-05-19T20:02:11 CDT" duration-ms="385">
    <groups>
    </groups>
    <test started-at="2023-05-19T20:02:10 CDT" name="Default test" finished-at="2023-05-19T20:02:11 CDT" duration-ms="385">
      <class name="tests.SampleTest">
        <test-method signature="testingExcel()[pri:0, instance:tests.SampleTest@791f145a]" started-at="2023-05-19T20:02:10 CDT" name="testingExcel" finished-at="2023-05-19T20:02:11 CDT" duration-ms="359" status="PASS">
          <reporter-output>
          </reporter-output>
        </test-method> <!-- testingExcel -->
      </class> <!-- tests.SampleTest -->
    </test> <!-- Default test -->
  </suite> <!-- Default suite -->
</testng-results>
