<?xml version="1.0" encoding="UTF-8"?>
<testng-results ignored="1" total="4" passed="3" failed="0" skipped="0">
  <reporter-output>
  </reporter-output>
  <suite started-at="2023-05-21T16:33:47 CDT" name="Suite" finished-at="2023-05-21T16:34:01 CDT" duration-ms="13572">
    <groups>
    </groups>
    <test started-at="2023-05-21T16:33:47 CDT" name="Test" finished-at="2023-05-21T16:34:01 CDT" duration-ms="13572">
      <class name="tests.logintest">
        <test-method is-config="true" signature="setup()[pri:0, instance:tests.logintest@75d3a5e0]" started-at="2023-05-21T16:33:48 CDT" name="setup" finished-at="2023-05-21T16:33:55 CDT" duration-ms="7555" status="PASS">
          <reporter-output>
          </reporter-output>
        </test-method> <!-- setup -->
        <test-method signature="login()[pri:0, instance:tests.logintest@75d3a5e0]" started-at="2023-05-21T16:33:55 CDT" name="login" finished-at="2023-05-21T16:33:57 CDT" duration-ms="1423" status="PASS">
          <reporter-output>
          </reporter-output>
        </test-method> <!-- login -->
        <test-method signature="newAccount()[pri:0, instance:tests.logintest@75d3a5e0]" started-at="2023-05-21T16:33:57 CDT" name="newAccount" finished-at="2023-05-21T16:33:57 CDT" duration-ms="473" status="PASS">
          <reporter-output>
          </reporter-output>
        </test-method> <!-- newAccount -->
      </class> <!-- tests.logintest -->
      <class name="tests.addCustomerTest">
        <test-method signature="addCustomer()[pri:0, instance:tests.addCustomerTest@53fb3dab]" started-at="2023-05-21T16:33:57 CDT" name="addCustomer" finished-at="2023-05-21T16:34:01 CDT" duration-ms="3940" status="PASS">
          <reporter-output>
          </reporter-output>
        </test-method> <!-- addCustomer -->
      </class> <!-- tests.addCustomerTest -->
    </test> <!-- Test -->
  </suite> <!-- Suite -->
</testng-results>
